This is pdfTeX, Version 3.141592653-2.6-1.40.24 (TeX Live 2022) (preloaded format=pdflatex 2022.4.21)  28 APR 2022 20:00
entering extended mode
 restricted \write18 enabled.
 %&-line parsing enabled.
**thesis.tex
(./thesis.tex
LaTeX2e <2021-11-15> patch level 1
L3 programming layer <2022-04-20> (./reedthesis.cls
Document Class: reedthesis 2004/01/27 The Reed College Thesis Class
(/Users/zolli/Library/TinyTeX/texmf-dist/tex/latex/base/book.cls
Document Class: book 2021/10/04 v1.4n Standard LaTeX document class
(/Users/zolli/Library/TinyTeX/texmf-dist/tex/latex/base/bk12.clo
File: bk12.clo 2021/10/04 v1.4n Standard LaTeX file (size option)
)
\c@part=\count185
\c@chapter=\count186
\c@section=\count187
\c@subsection=\count188
\c@subsubsection=\count189
\c@paragraph=\count190
\c@subparagraph=\count191
\c@figure=\count192
\c@table=\count193
\abovecaptionskip=\skip47
\belowcaptionskip=\skip48
\bibindent=\dimen138
) (/Users/zolli/Library/TinyTeX/texmf-dist/tex/latex/fancyhdr/fancyhdr.sty
Package: fancyhdr 2021/01/28 v4.0.1 Extensive control of page headers and footers
\f@nch@headwidth=\skip49
\f@nch@O@elh=\skip50
\f@nch@O@erh=\skip51
\f@nch@O@olh=\skip52
\f@nch@O@orh=\skip53
\f@nch@O@elf=\skip54
\f@nch@O@erf=\skip55
\f@nch@O@olf=\skip56
\f@nch@O@orf=\skip57
) (/Users/zolli/Library/TinyTeX/texmf-dist/tex/latex/fancyvrb/fancyvrb.sty
Package: fancyvrb 2022/04/12 4.2 verbatim text (tvz,hv)
(/Users/zolli/Library/TinyTeX/texmf-dist/tex/latex/graphics/keyval.sty
Package: keyval 2014/10/28 v1.15 key=value parser (DPC)
\KV@toks@=\toks16
)
\FV@CodeLineNo=\count194
\FV@InFile=\read2
\FV@TabBox=\box50
\c@FancyVerbLine=\count195
\FV@StepNumber=\count196
\FV@OutFile=\write3
) (/Users/zolli/Library/TinyTeX/texmf-dist/tex/generic/iftex/ifxetex.sty
Package: ifxetex 2019/10/25 v0.7 ifxetex legacy package. Use iftex instead.
(/Users/zolli/Library/TinyTeX/texmf-dist/tex/generic/iftex/iftex.sty
Package: iftex 2022/02/03 v1.0f TeX engine tests
)) (/Users/zolli/Library/TinyTeX/texmf-dist/tex/generic/iftex/ifluatex.sty
Package: ifluatex 2019/10/25 v1.5 ifluatex legacy package. Use iftex instead.
) (/Users/zolli/Library/TinyTeX/texmf-dist/tex/latex/base/fixltx2e.sty
Package: fixltx2e 2016/12/29 v2.1a fixes to LaTeX (obsolete)
Applying: [2015/01/01] Old fixltx2e package on input line 46.

Package fixltx2e Warning: fixltx2e is not required with releases after 2015
(fixltx2e)                All fixes are now in the LaTeX kernel.
(fixltx2e)                See the latexrelease package for details.

Already applied: [0000/00/00] Old fixltx2e package on input line 53.
) (/Users/zolli/Library/TinyTeX/texmf-dist/tex/latex/base/fontenc.sty
Package: fontenc 2021/04/29 v2.0v Standard LaTeX package
) (/Users/zolli/Library/TinyTeX/texmf-dist/tex/latex/base/inputenc.sty
Package: inputenc 2021/02/14 v1.3d Input encoding file
\inpenc@prehook=\toks17
\inpenc@posthook=\toks18
) (/Users/zolli/Library/TinyTeX/texmf-dist/tex/latex/graphics/color.sty
Package: color 2021/12/07 v1.3c Standard LaTeX Color (DPC)
(/Users/zolli/Library/TinyTeX/texmf-dist/tex/latex/graphics-cfg/color.cfg
File: color.cfg 2016/01/02 v1.6 sample color configuration
)
Package color Info: Driver file: pdftex.def on input line 149.
(/Users/zolli/Library/TinyTeX/texmf-dist/tex/latex/graphics-def/pdftex.def
File: pdftex.def 2020/10/05 v1.2a Graphics/color driver for pdftex
)) (/Users/zolli/Library/TinyTeX/texmf-dist/tex/latex/framed/framed.sty
Package: framed 2011/10/22 v 0.96: framed or shaded text with page breaks
\OuterFrameSep=\skip58
\fb@frw=\dimen139
\fb@frh=\dimen140
\FrameRule=\dimen141
\FrameSep=\dimen142
)) (/Users/zolli/Library/TinyTeX/texmf-dist/tex/latex/graphics/graphicx.sty
Package: graphicx 2021/09/16 v1.2d Enhanced LaTeX Graphics (DPC,SPQR)
(/Users/zolli/Library/TinyTeX/texmf-dist/tex/latex/graphics/graphics.sty
Package: graphics 2021/03/04 v1.4d Standard LaTeX Graphics (DPC,SPQR)
(/Users/zolli/Library/TinyTeX/texmf-dist/tex/latex/graphics/trig.sty
Package: trig 2021/08/11 v1.11 sin cos tan (DPC)
) (/Users/zolli/Library/TinyTeX/texmf-dist/tex/latex/graphics-cfg/graphics.cfg
File: graphics.cfg 2016/06/04 v1.11 sample graphics configuration
)
Package graphics Info: Driver file: pdftex.def on input line 107.
)
\Gin@req@height=\dimen143
\Gin@req@width=\dimen144
) (/Users/zolli/Library/TinyTeX/texmf-dist/tex/latex/base/latexsym.sty
Package: latexsym 1998/08/17 v2.2e Standard LaTeX package (lasy symbols)
\symlasy=\mathgroup4
LaTeX Font Info:    Overwriting symbol font `lasy' in version `bold'
(Font)                  U/lasy/m/n --> U/lasy/b/n on input line 52.
) (/Users/zolli/Library/TinyTeX/texmf-dist/tex/latex/amsmath/amsmath.sty
Package: amsmath 2021/10/15 v2.17l AMS math features
\@mathmargin=\skip59
For additional information on amsmath, use the `?' option.
(/Users/zolli/Library/TinyTeX/texmf-dist/tex/latex/amsmath/amstext.sty
Package: amstext 2021/08/26 v2.01 AMS text
(/Users/zolli/Library/TinyTeX/texmf-dist/tex/latex/amsmath/amsgen.sty
File: amsgen.sty 1999/11/30 v2.0 generic functions
\@emptytoks=\toks19
\ex@=\dimen145
)) (/Users/zolli/Library/TinyTeX/texmf-dist/tex/latex/amsmath/amsbsy.sty
Package: amsbsy 1999/11/29 v1.2d Bold Symbols
\pmbraise@=\dimen146
) (/Users/zolli/Library/TinyTeX/texmf-dist/tex/latex/amsmath/amsopn.sty
Package: amsopn 2021/08/26 v2.02 operator names
)
\inf@bad=\count197
LaTeX Info: Redefining \frac on input line 234.
\uproot@=\count198
\leftroot@=\count199
LaTeX Info: Redefining \overline on input line 399.
\classnum@=\count266
\DOTSCASE@=\count267
LaTeX Info: Redefining \ldots on input line 496.
LaTeX Info: Redefining \dots on input line 499.
LaTeX Info: Redefining \cdots on input line 620.
\Mathstrutbox@=\box51
\strutbox@=\box52
\big@size=\dimen147
LaTeX Font Info:    Redeclaring font encoding OML on input line 743.
LaTeX Font Info:    Redeclaring font encoding OMS on input line 744.
\macc@depth=\count268
\c@MaxMatrixCols=\count269
\dotsspace@=\muskip16
\c@parentequation=\count270
\dspbrk@lvl=\count271
\tag@help=\toks20
\row@=\count272
\column@=\count273
\maxfields@=\count274
\andhelp@=\toks21
\eqnshift@=\dimen148
\alignsep@=\dimen149
\tagshift@=\dimen150
\tagwidth@=\dimen151
\totwidth@=\dimen152
\lineht@=\dimen153
\@envbody=\toks22
\multlinegap=\skip60
\multlinetaggap=\skip61
\mathdisplay@stack=\toks23
LaTeX Info: Redefining \[ on input line 2938.
LaTeX Info: Redefining \] on input line 2939.
) (/Users/zolli/Library/TinyTeX/texmf-dist/tex/latex/amsfonts/amssymb.sty
Package: amssymb 2013/01/14 v3.01 AMS font symbols
(/Users/zolli/Library/TinyTeX/texmf-dist/tex/latex/amsfonts/amsfonts.sty
Package: amsfonts 2013/01/14 v3.01 Basic AMSFonts support
\symAMSa=\mathgroup5
\symAMSb=\mathgroup6
LaTeX Font Info:    Redeclaring math symbol \hbar on input line 98.
LaTeX Font Info:    Overwriting math alphabet `\mathfrak' in version `bold'
(Font)                  U/euf/m/n --> U/euf/b/n on input line 106.
)) (/Users/zolli/Library/TinyTeX/texmf-dist/tex/latex/amscls/amsthm.sty
Package: amsthm 2020/05/29 v2.20.6
\thm@style=\toks24
\thm@bodyfont=\toks25
\thm@headfont=\toks26
\thm@notefont=\toks27
\thm@headpunct=\toks28
\thm@preskip=\skip62
\thm@postskip=\skip63
\thm@headsep=\skip64
\dth@everypar=\toks29
) (/Users/zolli/Library/TinyTeX/texmf-dist/tex/latex/tools/longtable.sty
Package: longtable 2021-09-01 v4.17 Multi-page Table package (DPC)
\LTleft=\skip65
\LTright=\skip66
\LTpre=\skip67
\LTpost=\skip68
\LTchunksize=\count275
\LTcapwidth=\dimen154
\LT@head=\box53
\LT@firsthead=\box54
\LT@foot=\box55
\LT@lastfoot=\box56
\LT@gbox=\box57
\LT@cols=\count276
\LT@rows=\count277
\c@LT@tables=\count278
\c@LT@chunks=\count279
\LT@p@ftn=\toks30
) (/Users/zolli/Library/TinyTeX/texmf-dist/tex/latex/booktabs/booktabs.sty
Package: booktabs 2020/01/12 v1.61803398 Publication quality tables
\heavyrulewidth=\dimen155
\lightrulewidth=\dimen156
\cmidrulewidth=\dimen157
\belowrulesep=\dimen158
\belowbottomsep=\dimen159
\aboverulesep=\dimen160
\abovetopsep=\dimen161
\cmidrulesep=\dimen162
\cmidrulekern=\dimen163
\defaultaddspace=\dimen164
\@cmidla=\count280
\@cmidlb=\count281
\@aboverulesep=\dimen165
\@belowrulesep=\dimen166
\@thisruleclass=\count282
\@lastruleclass=\count283
\@thisrulewidth=\dimen167
) (/Users/zolli/Library/TinyTeX/texmf-dist/tex/latex/setspace/setspace.sty
Package: setspace 2011/12/19 v6.7a set line spacing
) (./chemarr.sty
Package: chemarr 2001/06/22 v1.1 Chemical reaction arrows (HO)
) (/Users/zolli/Library/TinyTeX/texmf-dist/tex/latex/url/url.sty
\Urlmuskip=\muskip17
Package: url 2013/09/16  ver 3.4  Verb mode for urls, etc.
) (/Users/zolli/Library/TinyTeX/texmf-dist/tex/latex/hyperref/hyperref.sty
Package: hyperref 2022-02-21 v7.00n Hypertext links for LaTeX
(/Users/zolli/Library/TinyTeX/texmf-dist/tex/generic/ltxcmds/ltxcmds.sty
Package: ltxcmds 2020-05-10 v1.25 LaTeX kernel commands for general use (HO)
) (/Users/zolli/Library/TinyTeX/texmf-dist/tex/generic/pdftexcmds/pdftexcmds.sty
Package: pdftexcmds 2020-06-27 v0.33 Utility functions of pdfTeX for LuaTeX (HO)
(/Users/zolli/Library/TinyTeX/texmf-dist/tex/generic/infwarerr/infwarerr.sty
Package: infwarerr 2019/12/03 v1.5 Providing info/warning/error messages (HO)
)
Package pdftexcmds Info: \pdf@primitive is available.
Package pdftexcmds Info: \pdf@ifprimitive is available.
Package pdftexcmds Info: \pdfdraftmode found.
) (/Users/zolli/Library/TinyTeX/texmf-dist/tex/generic/kvsetkeys/kvsetkeys.sty
Package: kvsetkeys 2019/12/15 v1.18 Key value parser (HO)
) (/Users/zolli/Library/TinyTeX/texmf-dist/tex/generic/kvdefinekeys/kvdefinekeys.sty
Package: kvdefinekeys 2019-12-19 v1.6 Define keys (HO)
) (/Users/zolli/Library/TinyTeX/texmf-dist/tex/generic/pdfescape/pdfescape.sty
Package: pdfescape 2019/12/09 v1.15 Implements pdfTeX's escape features (HO)
) (/Users/zolli/Library/TinyTeX/texmf-dist/tex/latex/hycolor/hycolor.sty
Package: hycolor 2020-01-27 v1.10 Color options for hyperref/bookmark (HO)
) (/Users/zolli/Library/TinyTeX/texmf-dist/tex/latex/letltxmacro/letltxmacro.sty
Package: letltxmacro 2019/12/03 v1.6 Let assignment for LaTeX macros (HO)
) (/Users/zolli/Library/TinyTeX/texmf-dist/tex/latex/auxhook/auxhook.sty
Package: auxhook 2019-12-17 v1.6 Hooks for auxiliary files (HO)
) (/Users/zolli/Library/TinyTeX/texmf-dist/tex/latex/kvoptions/kvoptions.sty
Package: kvoptions 2020-10-07 v3.14 Key value format for package options (HO)
)
\@linkdim=\dimen168
\Hy@linkcounter=\count284
\Hy@pagecounter=\count285
(/Users/zolli/Library/TinyTeX/texmf-dist/tex/latex/hyperref/pd1enc.def
File: pd1enc.def 2022-02-21 v7.00n Hyperref: PDFDocEncoding definition (HO)
Now handling font encoding PD1 ...
... no UTF-8 mapping file for font encoding PD1
) (/Users/zolli/Library/TinyTeX/texmf-dist/tex/generic/intcalc/intcalc.sty
Package: intcalc 2019/12/15 v1.3 Expandable calculations with integers (HO)
) (/Users/zolli/Library/TinyTeX/texmf-dist/tex/generic/etexcmds/etexcmds.sty
Package: etexcmds 2019/12/15 v1.7 Avoid name clashes with e-TeX commands (HO)
)
\Hy@SavedSpaceFactor=\count286
(/Users/zolli/Library/TinyTeX/texmf-dist/tex/latex/hyperref/puenc.def
File: puenc.def 2022-02-21 v7.00n Hyperref: PDF Unicode definition (HO)
Now handling font encoding PU ...
... no UTF-8 mapping file for font encoding PU
)
Package hyperref Info: Hyper figures OFF on input line 4137.
Package hyperref Info: Link nesting OFF on input line 4142.
Package hyperref Info: Hyper index ON on input line 4145.
Package hyperref Info: Plain pages OFF on input line 4152.
Package hyperref Info: Backreferencing OFF on input line 4157.
Package hyperref Info: Implicit mode ON; LaTeX internals redefined.
Package hyperref Info: Bookmarks ON on input line 4390.
\c@Hy@tempcnt=\count287
LaTeX Info: Redefining \url on input line 4749.
\XeTeXLinkMargin=\dimen169
(/Users/zolli/Library/TinyTeX/texmf-dist/tex/generic/bitset/bitset.sty
Package: bitset 2019/12/09 v1.3 Handle bit-vector datatype (HO)
(/Users/zolli/Library/TinyTeX/texmf-dist/tex/generic/bigintcalc/bigintcalc.sty
Package: bigintcalc 2019/12/15 v1.5 Expandable calculations on big integers (HO)
))
\Fld@menulength=\count288
\Field@Width=\dimen170
\Fld@charsize=\dimen171
Package hyperref Info: Hyper figures OFF on input line 6027.
Package hyperref Info: Link nesting OFF on input line 6032.
Package hyperref Info: Hyper index ON on input line 6035.
Package hyperref Info: backreferencing OFF on input line 6042.
Package hyperref Info: Link coloring OFF on input line 6047.
Package hyperref Info: Link coloring with OCG OFF on input line 6052.
Package hyperref Info: PDF/A mode OFF on input line 6057.
LaTeX Info: Redefining \ref on input line 6097.
LaTeX Info: Redefining \pageref on input line 6101.
(/Users/zolli/Library/TinyTeX/texmf-dist/tex/latex/base/atbegshi-ltx.sty
Package: atbegshi-ltx 2021/01/10 v1.0c Emulation of the original atbegshi
package with kernel methods
)
\Hy@abspage=\count289
\c@Item=\count290
\c@Hfootnote=\count291
)
Package hyperref Info: Driver (autodetected): hpdftex.
(/Users/zolli/Library/TinyTeX/texmf-dist/tex/latex/hyperref/hpdftex.def
File: hpdftex.def 2022-02-21 v7.00n Hyperref driver for pdfTeX
(/Users/zolli/Library/TinyTeX/texmf-dist/tex/latex/base/atveryend-ltx.sty
Package: atveryend-ltx 2020/08/19 v1.0a Emulation of the original atveryend package
with kernel methods
)
\Fld@listcount=\count292
\c@bookmark@seq@number=\count293
(/Users/zolli/Library/TinyTeX/texmf-dist/tex/latex/rerunfilecheck/rerunfilecheck.sty
Package: rerunfilecheck 2019/12/05 v1.9 Rerun checks for auxiliary files (HO)
(/Users/zolli/Library/TinyTeX/texmf-dist/tex/generic/uniquecounter/uniquecounter.sty
Package: uniquecounter 2019/12/15 v1.4 Provide unlimited unique counter (HO)
)
Package uniquecounter Info: New unique counter `rerunfilecheck' on input line 286.
)
\Hy@SectionHShift=\skip69
) (/Users/zolli/Library/TinyTeX/texmf-dist/tex/latex/lm/lmodern.sty
Package: lmodern 2015/05/01 v1.6.1 Latin Modern Fonts
LaTeX Font Info:    Overwriting symbol font `operators' in version `normal'
(Font)                  OT1/cmr/m/n --> OT1/lmr/m/n on input line 22.
LaTeX Font Info:    Overwriting symbol font `letters' in version `normal'
(Font)                  OML/cmm/m/it --> OML/lmm/m/it on input line 23.
LaTeX Font Info:    Overwriting symbol font `symbols' in version `normal'
(Font)                  OMS/cmsy/m/n --> OMS/lmsy/m/n on input line 24.
LaTeX Font Info:    Overwriting symbol font `largesymbols' in version `normal'
(Font)                  OMX/cmex/m/n --> OMX/lmex/m/n on input line 25.
LaTeX Font Info:    Overwriting symbol font `operators' in version `bold'
(Font)                  OT1/cmr/bx/n --> OT1/lmr/bx/n on input line 26.
LaTeX Font Info:    Overwriting symbol font `letters' in version `bold'
(Font)                  OML/cmm/b/it --> OML/lmm/b/it on input line 27.
LaTeX Font Info:    Overwriting symbol font `symbols' in version `bold'
(Font)                  OMS/cmsy/b/n --> OMS/lmsy/b/n on input line 28.
LaTeX Font Info:    Overwriting symbol font `largesymbols' in version `bold'
(Font)                  OMX/cmex/m/n --> OMX/lmex/m/n on input line 29.
LaTeX Font Info:    Overwriting math alphabet `\mathbf' in version `normal'
(Font)                  OT1/cmr/bx/n --> OT1/lmr/bx/n on input line 31.
LaTeX Font Info:    Overwriting math alphabet `\mathsf' in version `normal'
(Font)                  OT1/cmss/m/n --> OT1/lmss/m/n on input line 32.
LaTeX Font Info:    Overwriting math alphabet `\mathit' in version `normal'
(Font)                  OT1/cmr/m/it --> OT1/lmr/m/it on input line 33.
LaTeX Font Info:    Overwriting math alphabet `\mathtt' in version `normal'
(Font)                  OT1/cmtt/m/n --> OT1/lmtt/m/n on input line 34.
LaTeX Font Info:    Overwriting math alphabet `\mathbf' in version `bold'
(Font)                  OT1/cmr/bx/n --> OT1/lmr/bx/n on input line 35.
LaTeX Font Info:    Overwriting math alphabet `\mathsf' in version `bold'
(Font)                  OT1/cmss/bx/n --> OT1/lmss/bx/n on input line 36.
LaTeX Font Info:    Overwriting math alphabet `\mathit' in version `bold'
(Font)                  OT1/cmr/bx/it --> OT1/lmr/bx/it on input line 37.
LaTeX Font Info:    Overwriting math alphabet `\mathtt' in version `bold'
(Font)                  OT1/cmtt/m/n --> OT1/lmtt/m/n on input line 38.
) (/Users/zolli/Library/TinyTeX/texmf-dist/tex/latex/float/float.sty
Package: float 2001/11/08 v1.3d Float enhancements (AL)
\c@float@type=\count294
\float@exts=\toks31
\float@box=\box58
\@float@everytoks=\toks32
\@floatcapt=\box59
) (/Users/zolli/Library/TinyTeX/texmf-dist/tex/latex/tools/calc.sty
Package: calc 2017/05/25 v4.3 Infix arithmetic (KKT,FJ)
\calc@Acount=\count295
\calc@Bcount=\count296
\calc@Adimen=\dimen172
\calc@Bdimen=\dimen173
\calc@Askip=\skip70
\calc@Bskip=\skip71
LaTeX Info: Redefining \setlength on input line 80.
LaTeX Info: Redefining \addtolength on input line 81.
\calc@Ccount=\count297
\calc@Cskip=\skip72
) (/Users/zolli/Library/TinyTeX/texmf-dist/tex/latex/graphics/rotating.sty
Package: rotating 2016/08/11 v2.16d rotated objects in LaTeX
(/Users/zolli/Library/TinyTeX/texmf-dist/tex/latex/base/ifthen.sty
Package: ifthen 2020/11/24 v1.1c Standard LaTeX ifthen package (DPC)
)
\c@r@tfl@t=\count298
\rotFPtop=\skip73
\rotFPbot=\skip74
\rot@float@box=\box60
\rot@mess@toks=\toks33
) (/Users/zolli/Library/TinyTeX/texmf-dist/tex/latex/caption/caption.sty
Package: caption 2022/03/01 v3.6b Customizing captions (AR)
(/Users/zolli/Library/TinyTeX/texmf-dist/tex/latex/caption/caption3.sty
Package: caption3 2022/03/17 v2.3b caption3 kernel (AR)
\caption@tempdima=\dimen174
\captionmargin=\dimen175
\caption@leftmargin=\dimen176
\caption@rightmargin=\dimen177
\caption@width=\dimen178
\caption@indent=\dimen179
\caption@parindent=\dimen180
\caption@hangindent=\dimen181
Package caption Info: Standard document class detected.
)
\c@caption@flags=\count299
\c@continuedfloat=\count300
Package caption Info: float package is loaded.
Package caption Info: hyperref package is loaded.
Package caption Info: longtable package is loaded.
(/Users/zolli/Library/TinyTeX/texmf-dist/tex/latex/caption/ltcaption.sty
Package: ltcaption 2021/01/08 v1.4c longtable captions (AR)
)
Package caption Info: rotating package is loaded.
)
Package color Info: Redefining color shadecolor on input line 82.
\csllabelwidth=\skip75
\cslhangindent=\skip76
(/Users/zolli/Library/TinyTeX/texmf-dist/tex/latex/tools/array.sty
Package: array 2021/10/04 v2.5f Tabular extension package (FMi)
\col@sep=\dimen182
\ar@mcellbox=\box61
\extrarowheight=\dimen183
\NC@list=\toks34
\extratabsurround=\skip77
\backup@length=\skip78
\ar@cellbox=\box62
) (/Users/zolli/Library/TinyTeX/texmf-dist/tex/latex/multirow/multirow.sty
Package: multirow 2021/03/15 v2.8 Span multiple rows of a table
\multirow@colwidth=\skip79
\multirow@cntb=\count301
\multirow@dima=\skip80
\bigstrutjot=\dimen184
) (/Users/zolli/Library/TinyTeX/texmf-dist/tex/latex/wrapfig/wrapfig.sty
\wrapoverhang=\dimen185
\WF@size=\dimen186
\c@WF@wrappedlines=\count302
\WF@box=\box63
\WF@everypar=\toks35
Package: wrapfig 2003/01/31  v 3.6
) (/Users/zolli/Library/TinyTeX/texmf-dist/tex/latex/colortbl/colortbl.sty
Package: colortbl 2020/01/04 v1.0e Color table columns (DPC)
\everycr=\toks36
\minrowclearance=\skip81
) (/Users/zolli/Library/TinyTeX/texmf-dist/tex/latex/pdflscape/pdflscape.sty
Package: pdflscape 2019/12/05 v0.12 Display of landscape pages in PDF (HO)
(/Users/zolli/Library/TinyTeX/texmf-dist/tex/latex/graphics/lscape.sty
Package: lscape 2020/05/28 v3.02 Landscape Pages (DPC)
)
Package pdflscape Info: Auto-detected driver: pdftex on input line 81.
) (/Users/zolli/Library/TinyTeX/texmf-dist/tex/latex/tabu/tabu.sty
Package: tabu 2019/01/11 v2.9 - flexible LaTeX tabulars (FC+tabu-fixed)
(/Users/zolli/Library/TinyTeX/texmf-dist/tex/latex/varwidth/varwidth.sty
Package: varwidth 2009/03/30 ver 0.92;  Variable-width minipages
\@vwid@box=\box64
\sift@deathcycles=\count303
\@vwid@loff=\dimen187
\@vwid@roff=\dimen188
)
\c@taburow=\count304
\tabu@nbcols=\count305
\tabu@cnt=\count306
\tabu@Xcol=\count307
\tabu@alloc=\count308
\tabu@nested=\count309
\tabu@target=\dimen189
\tabu@spreadtarget=\dimen190
\tabu@naturalX=\dimen191
\tabucolX=\dimen192
\tabu@Xsum=\dimen193
\extrarowdepth=\dimen194
\abovetabulinesep=\dimen195
\belowtabulinesep=\dimen196
\tabustrutrule=\dimen197
\tabu@thebody=\toks37
\tabu@footnotes=\toks38
\tabu@box=\box65
\tabu@arstrutbox=\box66
\tabu@hleads=\box67
\tabu@vleads=\box68
\tabu@cellskip=\skip82
) (/Users/zolli/Library/TinyTeX/texmf-dist/tex/latex/threeparttable/threeparttable.sty
Package: threeparttable 2003/06/13  v 3.0
\@tempboxb=\box69
) (/Users/zolli/Library/TinyTeX/texmf-dist/tex/latex/threeparttablex/threeparttablex.sty
Package: threeparttablex 2013/07/23 v0.3 by daleif
(/Users/zolli/Library/TinyTeX/texmf-dist/tex/latex/environ/environ.sty
Package: environ 2014/05/04 v0.3 A new way to define environments
(/Users/zolli/Library/TinyTeX/texmf-dist/tex/latex/trimspaces/trimspaces.sty
Package: trimspaces 2009/09/17 v1.1 Trim spaces around a token list
))
\TPTL@width=\skip83
) (/Users/zolli/Library/TinyTeX/texmf-dist/tex/generic/ulem/ulem.sty
\UL@box=\box70
\UL@hyphenbox=\box71
\UL@skip=\skip84
\UL@hook=\toks39
\UL@height=\dimen198
\UL@pe=\count310
\UL@pixel=\dimen199
\ULC@box=\box72
Package: ulem 2019/11/18
\ULdepth=\dimen256
) (/Users/zolli/Library/TinyTeX/texmf-dist/tex/latex/makecell/makecell.sty
Package: makecell 2009/08/03 V0.1e Managing of Tab Column Heads and Cells
\rotheadsize=\dimen257
\c@nlinenum=\count311
\TeXr@lab=\toks40
) (/Users/zolli/Library/TinyTeX/texmf-dist/tex/latex/xcolor/xcolor.sty
Package: xcolor 2021/10/31 v2.13 LaTeX color extensions (UK)
(/Users/zolli/Library/TinyTeX/texmf-dist/tex/latex/graphics-cfg/color.cfg
File: color.cfg 2016/01/02 v1.6 sample color configuration
)
Package xcolor Info: Driver file: pdftex.def on input line 227.
LaTeX Info: Redefining \color on input line 711.
Package xcolor Info: Model `cmy' substituted by `cmy0' on input line 1352.
Package xcolor Info: Model `hsb' substituted by `rgb' on input line 1356.
Package xcolor Info: Model `RGB' extended on input line 1368.
Package xcolor Info: Model `HTML' substituted by `rgb' on input line 1370.
Package xcolor Info: Model `Hsb' substituted by `hsb' on input line 1371.
Package xcolor Info: Model `tHsb' substituted by `hsb' on input line 1372.
Package xcolor Info: Model `HSB' substituted by `hsb' on input line 1373.
Package xcolor Info: Model `Gray' substituted by `gray' on input line 1374.
Package xcolor Info: Model `wave' substituted by `hsb' on input line 1375.
)
LaTeX Font Info:    Trying to load font information for T1+lmr on input line 231.
(/Users/zolli/Library/TinyTeX/texmf-dist/tex/latex/lm/t1lmr.fd
File: t1lmr.fd 2015/05/01 v1.6.1 Font defs for Latin Modern
) (/Users/zolli/Library/TinyTeX/texmf-dist/tex/latex/l3backend/l3backend-pdftex.def
File: l3backend-pdftex.def 2022-04-20 L3 backend support: PDF output (pdfTeX)
\l__color_backend_stack_int=\count312
\l__pdf_internal_box=\box73
) (./thesis.aux)
\openout1 = `thesis.aux'.

LaTeX Font Info:    Checking defaults for OML/cmm/m/it on input line 231.
LaTeX Font Info:    ... okay on input line 231.
LaTeX Font Info:    Checking defaults for OMS/cmsy/m/n on input line 231.
LaTeX Font Info:    ... okay on input line 231.
LaTeX Font Info:    Checking defaults for OT1/cmr/m/n on input line 231.
LaTeX Font Info:    ... okay on input line 231.
LaTeX Font Info:    Checking defaults for T1/cmr/m/n on input line 231.
LaTeX Font Info:    ... okay on input line 231.
LaTeX Font Info:    Checking defaults for TS1/cmr/m/n on input line 231.
LaTeX Font Info:    ... okay on input line 231.
LaTeX Font Info:    Checking defaults for OMX/cmex/m/n on input line 231.
LaTeX Font Info:    ... okay on input line 231.
LaTeX Font Info:    Checking defaults for U/cmr/m/n on input line 231.
LaTeX Font Info:    ... okay on input line 231.
LaTeX Font Info:    Checking defaults for PD1/pdf/m/n on input line 231.
LaTeX Font Info:    ... okay on input line 231.
LaTeX Font Info:    Checking defaults for PU/pdf/m/n on input line 231.
LaTeX Font Info:    ... okay on input line 231.
(/Users/zolli/Library/TinyTeX/texmf-dist/tex/latex/epstopdf-pkg/epstopdf-base.sty
Package: epstopdf-base 2020-01-24 v2.11 Base part for package epstopdf
Package epstopdf-base Info: Redefining graphics rule for `.eps' on input line 485.
(/Users/zolli/Library/TinyTeX/texmf-dist/tex/latex/latexconfig/epstopdf-sys.cfg
File: epstopdf-sys.cfg 2010/07/13 v1.3 Configuration of (r)epstopdf for TeX Live
))
Package hyperref Info: Link coloring OFF on input line 231.
(/Users/zolli/Library/TinyTeX/texmf-dist/tex/latex/hyperref/nameref.sty
Package: nameref 2021-04-02 v2.47 Cross-referencing by name of section
(/Users/zolli/Library/TinyTeX/texmf-dist/tex/latex/refcount/refcount.sty
Package: refcount 2019/12/15 v3.6 Data extraction from label references (HO)
) (/Users/zolli/Library/TinyTeX/texmf-dist/tex/generic/gettitlestring/gettitlestring.sty
Package: gettitlestring 2019/12/15 v1.6 Cleanup title references (HO)
)
\c@section@level=\count313
)
LaTeX Info: Redefining \ref on input line 231.
LaTeX Info: Redefining \pageref on input line 231.
LaTeX Info: Redefining \nameref on input line 231.
(./thesis.out) (./thesis.out)
\@outlinefile=\write4
\openout4 = `thesis.out'.

Package caption Info: Begin \AtBeginDocument code.
Package caption Info: threeparttable package is loaded.
Package caption Info: wrapfig package is loaded.
Package caption Info: End \AtBeginDocument code.
LaTeX Font Info:    Trying to load font information for OT1+lmr on input line 235.
(/Users/zolli/Library/TinyTeX/texmf-dist/tex/latex/lm/ot1lmr.fd
File: ot1lmr.fd 2015/05/01 v1.6.1 Font defs for Latin Modern
)
LaTeX Font Info:    Trying to load font information for OML+lmm on input line 235.
(/Users/zolli/Library/TinyTeX/texmf-dist/tex/latex/lm/omllmm.fd
File: omllmm.fd 2015/05/01 v1.6.1 Font defs for Latin Modern
)
LaTeX Font Info:    Trying to load font information for OMS+lmsy on input line 235.
(/Users/zolli/Library/TinyTeX/texmf-dist/tex/latex/lm/omslmsy.fd
File: omslmsy.fd 2015/05/01 v1.6.1 Font defs for Latin Modern
)
LaTeX Font Info:    Trying to load font information for OMX+lmex on input line 235.
(/Users/zolli/Library/TinyTeX/texmf-dist/tex/latex/lm/omxlmex.fd
File: omxlmex.fd 2015/05/01 v1.6.1 Font defs for Latin Modern
)
LaTeX Font Info:    External font `lmex10' loaded for size
(Font)              <12> on input line 235.
LaTeX Font Info:    External font `lmex10' loaded for size
(Font)              <8> on input line 235.
LaTeX Font Info:    External font `lmex10' loaded for size
(Font)              <6> on input line 235.
LaTeX Font Info:    Trying to load font information for U+lasy on input line 235.
(/Users/zolli/Library/TinyTeX/texmf-dist/tex/latex/base/ulasy.fd
File: ulasy.fd 1998/08/17 v2.2e LaTeX symbol font definitions
)
LaTeX Font Info:    Trying to load font information for U+msa on input line 235.
(/Users/zolli/Library/TinyTeX/texmf-dist/tex/latex/amsfonts/umsa.fd
File: umsa.fd 2013/01/14 v3.01 AMS symbols A
)
LaTeX Font Info:    Trying to load font information for U+msb on input line 235.
(/Users/zolli/Library/TinyTeX/texmf-dist/tex/latex/amsfonts/umsb.fd
File: umsb.fd 2013/01/14 v3.01 AMS symbols B
) [1
Non-PDF special ignored!
<special> !% Reed College LaTeX Thesis Class 2001/12/04 SN
Non-PDF special ignored!
<special> rawpostscript % Reed College LaTeX Thesis Class 2001/12/04 SN


{/Users/zolli/Library/TinyTeX/texmf-var/fonts/map/pdftex/updmap/pdftex.map}] [2

] [3] [4

] [1


] [2


] [3] [4

] (./thesis.toc [5] [6])
\tf@toc=\write5
\openout5 = `thesis.toc'.

[7] [8

] (./thesis.lot)
\tf@lot=\write6
\openout6 = `thesis.lot'.

[9] [10

] (./thesis.lof [11])
\tf@lof=\write7
\openout7 = `thesis.lof'.

[12] [13

] [14


] [15] [16


]
Chapter 1.

Underfull \vbox (badness 10000) has occurred while \output is active []


pdfTeX warning (ext4): destination with the same identifier (name{page.1}) has been already used, duplicate ignored
<to be read again> 
                   \relax 
l.338 
       [1

]
Underfull \vbox (badness 10000) has occurred while \output is active []


pdfTeX warning (ext4): destination with the same identifier (name{page.2}) has been already used, duplicate ignored
<to be read again> 
                   \relax 
l.373 
       [2]
Underfull \vbox (badness 10000) has occurred while \output is active []


pdfTeX warning (ext4): destination with the same identifier (name{page.3}) has been already used, duplicate ignored
<to be read again> 
                   \relax 
l.416 
       [3]
pdfTeX warning (ext4): destination with the same identifier (name{page.4}) has been already used, duplicate ignored
<to be read again> 
                   \relax 
l.464 
       [4] [5] [6] [7]
Underfull \vbox (badness 10000) has occurred while \output is active []

[8]
<figure/science_inaccessable.jpeg, id=580, 712.6625pt x 761.84625pt>
File: figure/science_inaccessable.jpeg Graphic file (type jpg)
<use figure/science_inaccessable.jpeg>
Package pdftex.def Info: figure/science_inaccessable.jpeg  used on input line 691.
(pdftex.def)             Requested size: 325.215pt x 347.65195pt.
[9]
Underfull \vbox (badness 10000) has occurred while \output is active []

[10] [11 <./figure/science_inaccessable.jpeg>] [12]
Chapter 2.
LaTeX Font Info:    Trying to load font information for T1+lmtt on input line 755.
(/Users/zolli/Library/TinyTeX/texmf-dist/tex/latex/lm/t1lmtt.fd
File: t1lmtt.fd 2015/05/01 v1.6.1 Font defs for Latin Modern
)
<figure/methods-overview.png, id=603, 1040.88875pt x 509.905pt>
File: figure/methods-overview.png Graphic file (type png)
<use figure/methods-overview.png>
Package pdftex.def Info: figure/methods-overview.png  used on input line 758.
(pdftex.def)             Requested size: 411.93767pt x 201.7954pt.

Underfull \vbox (badness 10000) has occurred while \output is active []

[13

]
<figure/cnh_trees.png, id=614, 1003.75pt x 724.7075pt>
File: figure/cnh_trees.png Graphic file (type png)
<use figure/cnh_trees.png>
Package pdftex.def Info: figure/cnh_trees.png  used on input line 823.
(pdftex.def)             Requested size: 433.62pt x 313.07782pt.
[14 <./figure/methods-overview.png>]
Underfull \vbox (badness 10000) has occurred while \output is active []

[15]
<thesis_files/figure-latex/rating-ratios-1.pdf, id=629, 469.755pt x 325.215pt>
File: thesis_files/figure-latex/rating-ratios-1.pdf Graphic file (type pdf)
<use thesis_files/figure-latex/rating-ratios-1.pdf>
Package pdftex.def Info: thesis_files/figure-latex/rating-ratios-1.pdf  used on input line 891.
(pdftex.def)             Requested size: 469.75386pt x 325.2142pt.

Overfull \hbox (36.13387pt too wide) in paragraph at lines 891--892
 [][] 
 []

[16 <./figure/cnh_trees.png>]
Underfull \vbox (badness 10000) has occurred while \output is active []

[17] [18 <./thesis_files/figure-latex/rating-ratios-1.pdf>] [19]
<figure/2016_ndvi.png, id=665, 984.67876pt x 804.00375pt>
File: figure/2016_ndvi.png Graphic file (type png)
<use figure/2016_ndvi.png>
Package pdftex.def Info: figure/2016_ndvi.png  used on input line 990.
(pdftex.def)             Requested size: 138.76157pt x 113.29584pt.
<figure/2019_ndvi.png, id=666, 981.6675pt x 801.99625pt>
File: figure/2019_ndvi.png Graphic file (type png)
<use figure/2019_ndvi.png>
Package pdftex.def Info: figure/2019_ndvi.png  used on input line 990.
(pdftex.def)             Requested size: 138.76157pt x 113.35559pt.
<figure/2021_ndvi.png, id=667, 981.6675pt x 801.99625pt>
File: figure/2021_ndvi.png Graphic file (type png)
<use figure/2021_ndvi.png>
Package pdftex.def Info: figure/2021_ndvi.png  used on input line 990.
(pdftex.def)             Requested size: 138.76157pt x 113.35559pt.

Underfull \vbox (badness 10000) has occurred while \output is active []

[20 <./figure/2016_ndvi.png> <./figure/2019_ndvi.png> <./figure/2021_ndvi.png>]
<figure/berkeley_park.png, id=682, 932.48375pt x 525.965pt>
File: figure/berkeley_park.png Graphic file (type png)
<use figure/berkeley_park.png>
Package pdftex.def Info: figure/berkeley_park.png  used on input line 1046.
(pdftex.def)             Requested size: 433.62pt x 244.57921pt.
[21]
<figure/points.png, id=689, 825.0825pt x 542.025pt>
File: figure/points.png Graphic file (type png)
<use figure/points.png>
Package pdftex.def Info: figure/points.png  used on input line 1065.
(pdftex.def)             Requested size: 346.89731pt x 227.8888pt.

Underfull \vbox (badness 10000) has occurred while \output is active []

[22 <./figure/berkeley_park.png>]
<figure/point_radius.png, id=697, 824.07875pt x 541.02126pt>
File: figure/point_radius.png Graphic file (type png)
<use figure/point_radius.png>
Package pdftex.def Info: figure/point_radius.png  used on input line 1097.
(pdftex.def)             Requested size: 346.89731pt x 227.74745pt.

Underfull \vbox (badness 10000) has occurred while \output is active []

[23 <./figure/points.png>]
<figure/lidar_buffer_scale.png, id=707, 830.10126pt x 544.0325pt>
File: figure/lidar_buffer_scale.png Graphic file (type png)
<use figure/lidar_buffer_scale.png>
Package pdftex.def Info: figure/lidar_buffer_scale.png  used on input line 1138.
(pdftex.def)             Requested size: 346.89731pt x 227.34651pt.
[24 <./figure/point_radius.png>]
<figure/buffer_all_points.png, id=714, 882.29625pt x 605.26125pt>
File: figure/buffer_all_points.png Graphic file (type png)
<use figure/buffer_all_points.png>
Package pdftex.def Info: figure/buffer_all_points.png  used on input line 1146.
(pdftex.def)             Requested size: 346.89731pt x 237.97191pt.
<figure/selected_lidar.png, id=715, 826.08624pt x 552.0625pt>
File: figure/selected_lidar.png Graphic file (type png)
<use figure/selected_lidar.png>
Package pdftex.def Info: figure/selected_lidar.png  used on input line 1154.
(pdftex.def)             Requested size: 346.89731pt x 231.83096pt.
<figure/layered_outputs.png, id=716, 693.59125pt x 414.54875pt>
File: figure/layered_outputs.png Graphic file (type png)
<use figure/layered_outputs.png>
Package pdftex.def Info: figure/layered_outputs.png  used on input line 1162.
(pdftex.def)             Requested size: 390.25534pt x 233.25267pt.

Underfull \vbox (badness 4217) has occurred while \output is active []

[25 <./figure/lidar_buffer_scale.png> <./figure/buffer_all_points.png>]
<figure/extent_and_samples.png, id=724, 701.62125pt x 513.92pt>
File: figure/extent_and_samples.png Graphic file (type png)
<use figure/extent_and_samples.png>
Package pdftex.def Info: figure/extent_and_samples.png  used on input line 1176.
(pdftex.def)             Requested size: 346.89731pt x 254.0971pt.
File: figure/layered_outputs.png Graphic file (type png)
<use figure/layered_outputs.png>
Package pdftex.def Info: figure/layered_outputs.png  used on input line 1184.
(pdftex.def)             Requested size: 346.89731pt x 207.33711pt.
[26 <./figure/selected_lidar.png> <./figure/layered_outputs.png>] [27 <./figure/extent_and_samples.png>]
Underfull \vbox (badness 10000) has occurred while \output is active []

[28] [29] [30

]
Chapter 3.

Underfull \vbox (badness 10000) has occurred while \output is active []

[31]
<thesis_files/figure-latex/width-model-g-1.pdf, id=786, 469.755pt x 325.215pt>
File: thesis_files/figure-latex/width-model-g-1.pdf Graphic file (type pdf)
<use thesis_files/figure-latex/width-model-g-1.pdf>
Package pdftex.def Info: thesis_files/figure-latex/width-model-g-1.pdf  used on input line 1354.
(pdftex.def)             Requested size: 346.89731pt x 240.15909pt.

Underfull \vbox (badness 10000) has occurred while \output is active []

[32] [33 <./thesis_files/figure-latex/width-model-g-1.pdf>] [34]
<thesis_files/figure-latex/point-species-1.pdf, id=825, 469.755pt x 325.215pt>
File: thesis_files/figure-latex/point-species-1.pdf Graphic file (type pdf)
<use thesis_files/figure-latex/point-species-1.pdf>
Package pdftex.def Info: thesis_files/figure-latex/point-species-1.pdf  used on input line 1450.
(pdftex.def)             Requested size: 433.62pt x 300.19887pt.

Underfull \vbox (badness 10000) has occurred while \output is active []

[35]
<thesis_files/figure-latex/radius-species-1.pdf, id=832, 469.755pt x 325.215pt>
File: thesis_files/figure-latex/radius-species-1.pdf Graphic file (type pdf)
<use thesis_files/figure-latex/radius-species-1.pdf>
Package pdftex.def Info: thesis_files/figure-latex/radius-species-1.pdf  used on input line 1476.
(pdftex.def)             Requested size: 433.62pt x 300.19887pt.

Underfull \vbox (badness 10000) has occurred while \output is active []

[36 <./thesis_files/figure-latex/point-species-1.pdf>]
<thesis_files/figure-latex/lidar-species-1.pdf, id=848, 469.755pt x 325.215pt>
File: thesis_files/figure-latex/lidar-species-1.pdf Graphic file (type pdf)
<use thesis_files/figure-latex/lidar-species-1.pdf>
Package pdftex.def Info: thesis_files/figure-latex/lidar-species-1.pdf  used on input line 1504.
(pdftex.def)             Requested size: 433.62pt x 300.19887pt.

Underfull \vbox (badness 10000) has occurred while \output is active []

[37 <./thesis_files/figure-latex/radius-species-1.pdf>] [38 <./thesis_files/figure-latex/lidar-species-1.pdf>]
<thesis_files/figure-latex/methods-all-species-1.pdf, id=881, 469.755pt x 325.215pt>
File: thesis_files/figure-latex/methods-all-species-1.pdf Graphic file (type pdf)
<use thesis_files/figure-latex/methods-all-species-1.pdf>
Package pdftex.def Info: thesis_files/figure-latex/methods-all-species-1.pdf  used on input line 1551.
(pdftex.def)             Requested size: 346.89731pt x 240.15909pt.
<thesis_files/figure-latex/methods-species-1.pdf, id=882, 469.755pt x 325.215pt>
File: thesis_files/figure-latex/methods-species-1.pdf Graphic file (type pdf)
<use thesis_files/figure-latex/methods-species-1.pdf>
Package pdftex.def Info: thesis_files/figure-latex/methods-species-1.pdf  used on input line 1559.
(pdftex.def)             Requested size: 390.25534pt x 270.1765pt.

Underfull \vbox (badness 10000) has occurred while \output is active []

[39 <./thesis_files/figure-latex/methods-all-species-1.pdf>]
<thesis_files/figure-latex/ndvi-counts-graph-1.pdf, id=893, 469.755pt x 325.215pt>
File: thesis_files/figure-latex/ndvi-counts-graph-1.pdf Graphic file (type pdf)
<use thesis_files/figure-latex/ndvi-counts-graph-1.pdf>
Package pdftex.def Info: thesis_files/figure-latex/ndvi-counts-graph-1.pdf  used on input line 1574.
(pdftex.def)             Requested size: 390.25534pt x 270.1765pt.

Underfull \vbox (badness 10000) has occurred while \output is active []

[40 <./thesis_files/figure-latex/methods-species-1.pdf>] [41 <./thesis_files/figure-latex/ndvi-counts-graph-1.pdf>]
<thesis_files/figure-latex/point-model-split-1.pdf, id=922, 469.755pt x 325.215pt>
File: thesis_files/figure-latex/point-model-split-1.pdf Graphic file (type pdf)
<use thesis_files/figure-latex/point-model-split-1.pdf>
Package pdftex.def Info: thesis_files/figure-latex/point-model-split-1.pdf  used on input line 1637.
(pdftex.def)             Requested size: 390.25534pt x 270.1765pt.

Underfull \vbox (badness 10000) has occurred while \output is active []

[42]
<thesis_files/figure-latex/radius-model-split-1.pdf, id=930, 469.755pt x 325.215pt>
File: thesis_files/figure-latex/radius-model-split-1.pdf Graphic file (type pdf)
<use thesis_files/figure-latex/radius-model-split-1.pdf>
Package pdftex.def Info: thesis_files/figure-latex/radius-model-split-1.pdf  used on input line 1670.
(pdftex.def)             Requested size: 390.25534pt x 270.1765pt.

Underfull \vbox (badness 4132) has occurred while \output is active []

[43 <./thesis_files/figure-latex/point-model-split-1.pdf>]
<thesis_files/figure-latex/lidar-model-split-1.pdf, id=943, 469.755pt x 325.215pt>
File: thesis_files/figure-latex/lidar-model-split-1.pdf Graphic file (type pdf)
<use thesis_files/figure-latex/lidar-model-split-1.pdf>
Package pdftex.def Info: thesis_files/figure-latex/lidar-model-split-1.pdf  used on input line 1693.
(pdftex.def)             Requested size: 390.25534pt x 270.1765pt.
[44 <./thesis_files/figure-latex/radius-model-split-1.pdf>]
<thesis_files/figure-latex/prob-graph-1-1.pdf, id=953, 469.755pt x 325.215pt>
File: thesis_files/figure-latex/prob-graph-1-1.pdf Graphic file (type pdf)
<use thesis_files/figure-latex/prob-graph-1-1.pdf>
Package pdftex.def Info: thesis_files/figure-latex/prob-graph-1-1.pdf  used on input line 1701.
(pdftex.def)             Requested size: 469.75386pt x 325.2142pt.

Overfull \hbox (36.13387pt too wide) in paragraph at lines 1701--1702
 [][] 
 []


Underfull \vbox (badness 10000) has occurred while \output is active []

[45 <./thesis_files/figure-latex/lidar-model-split-1.pdf>] [46 <./thesis_files/figure-latex/prob-graph-1-1.pdf>]
<thesis_files/figure-latex/final-model-small-1.pdf, id=976, 469.755pt x 325.215pt>
File: thesis_files/figure-latex/final-model-small-1.pdf Graphic file (type pdf)
<use thesis_files/figure-latex/final-model-small-1.pdf>
Package pdftex.def Info: thesis_files/figure-latex/final-model-small-1.pdf  used on input line 1738.
(pdftex.def)             Requested size: 390.25534pt x 270.1765pt.
<thesis_files/figure-latex/downsample-probs-1.pdf, id=977, 469.755pt x 325.215pt>
File: thesis_files/figure-latex/downsample-probs-1.pdf Graphic file (type pdf)
<use thesis_files/figure-latex/downsample-probs-1.pdf>
Package pdftex.def Info: thesis_files/figure-latex/downsample-probs-1.pdf  used on input line 1746.
(pdftex.def)             Requested size: 469.75386pt x 325.2142pt.

Overfull \hbox (36.13387pt too wide) in paragraph at lines 1746--1747
 [][] 
 []


Underfull \vbox (badness 10000) has occurred while \output is active []

[47 <./thesis_files/figure-latex/final-model-small-1.pdf>]
<thesis_files/figure-latex/final-lidar-plot-1.pdf, id=993, 469.755pt x 325.215pt>
File: thesis_files/figure-latex/final-lidar-plot-1.pdf Graphic file (type pdf)
<use thesis_files/figure-latex/final-lidar-plot-1.pdf>
Package pdftex.def Info: thesis_files/figure-latex/final-lidar-plot-1.pdf  used on input line 1779.
(pdftex.def)             Requested size: 390.25534pt x 270.1765pt.
[48 <./thesis_files/figure-latex/downsample-probs-1.pdf>] [49 <./thesis_files/figure-latex/final-lidar-plot-1.pdf>] [50

]
Chapter 4.
<figure/layered_outputs_2.png, id=1023, 693.59125pt x 414.54875pt>
File: figure/layered_outputs_2.png Graphic file (type png)
<use figure/layered_outputs_2.png>
Package pdftex.def Info: figure/layered_outputs_2.png  used on input line 1815.
(pdftex.def)             Requested size: 390.25534pt x 233.25267pt.

Underfull \vbox (badness 10000) has occurred while \output is active []

[51] [52 <./figure/layered_outputs_2.png>]
<figure/overlapping-crowns.png, id=1038, 1481.535pt x 484.81125pt>
File: figure/overlapping-crowns.png Graphic file (type png)
<use figure/overlapping-crowns.png>
Package pdftex.def Info: figure/overlapping-crowns.png  used on input line 1879.
(pdftex.def)             Requested size: 433.62pt x 141.89363pt.

Underfull \vbox (badness 10000) has occurred while \output is active []

[53]
Underfull \vbox (badness 10000) has occurred while \output is active []

[54 <./figure/overlapping-crowns.png>] [55] [56] [57] [58] [59] [60

]
Appendix A.
<figure/neighborhoods_and_trees2.png, id=1085, 1173.38374pt x 829.0975pt>
File: figure/neighborhoods_and_trees2.png Graphic file (type png)
<use figure/neighborhoods_and_trees2.png>
Package pdftex.def Info: figure/neighborhoods_and_trees2.png  used on input line 2149.
(pdftex.def)             Requested size: 433.62pt x 306.38174pt.
<figure/2016-bands.png, id=1086, 997.7275pt x 808.01875pt>
File: figure/2016-bands.png Graphic file (type png)
<use figure/2016-bands.png>
Package pdftex.def Info: figure/2016-bands.png  used on input line 2160.
(pdftex.def)             Requested size: 325.215pt x 263.37973pt.
<figure/2019-bands.png, id=1087, 991.705pt x 732.7375pt>
File: figure/2019-bands.png Graphic file (type png)
<use figure/2019-bands.png>
Package pdftex.def Info: figure/2019-bands.png  used on input line 2168.
(pdftex.def)             Requested size: 325.215pt x 240.28355pt.

Underfull \vbox (badness 10000) has occurred while \output is active []

[61 <./figure/neighborhoods_and_trees2.png>]
<figure/2021-bands.png, id=1096, 986.68625pt x 760.8425pt>
File: figure/2021-bands.png Graphic file (type png)
<use figure/2021-bands.png>
Package pdftex.def Info: figure/2021-bands.png  used on input line 2176.
(pdftex.def)             Requested size: 325.215pt x 250.77695pt.

Underfull \vbox (badness 1371) has occurred while \output is active []

[62 <./figure/2016-bands.png> <./figure/2019-bands.png>]
<thesis_files/figure-latex/test-height-model-1.pdf, id=1104, 469.755pt x 325.215pt>
File: thesis_files/figure-latex/test-height-model-1.pdf Graphic file (type pdf)
<use thesis_files/figure-latex/test-height-model-1.pdf>
Package pdftex.def Info: thesis_files/figure-latex/test-height-model-1.pdf  used on input line 2187.
(pdftex.def)             Requested size: 469.75386pt x 325.2142pt.

Overfull \hbox (36.13387pt too wide) in paragraph at lines 2187--2188
 [][] 
 []

<thesis_files/figure-latex/test-width-model-1.pdf, id=1105, 469.755pt x 325.215pt>
File: thesis_files/figure-latex/test-width-model-1.pdf Graphic file (type pdf)
<use thesis_files/figure-latex/test-width-model-1.pdf>
Package pdftex.def Info: thesis_files/figure-latex/test-width-model-1.pdf  used on input line 2195.
(pdftex.def)             Requested size: 469.75386pt x 325.2142pt.

Overfull \hbox (36.13387pt too wide) in paragraph at lines 2195--2196
 [][] 
 []


Underfull \vbox (badness 10000) has occurred while \output is active []

[63 <./figure/2021-bands.png>]
Underfull \vbox (badness 10000) has occurred while \output is active []

[64 <./thesis_files/figure-latex/test-height-model-1.pdf>]
<thesis_files/figure-latex/height-model-1.pdf, id=1125, 469.755pt x 325.215pt>
File: thesis_files/figure-latex/height-model-1.pdf Graphic file (type pdf)
<use thesis_files/figure-latex/height-model-1.pdf>
Package pdftex.def Info: thesis_files/figure-latex/height-model-1.pdf  used on input line 2206.
(pdftex.def)             Requested size: 346.89731pt x 240.15909pt.

Underfull \vbox (badness 10000) has occurred while \output is active []

[65 <./thesis_files/figure-latex/test-width-model-1.pdf>]
<figure/test.png, id=1140, 505.89pt x 505.89pt>
File: figure/test.png Graphic file (type png)
<use figure/test.png>
Package pdftex.def Info: figure/test.png  used on input line 2217.
(pdftex.def)             Requested size: 433.62pt x 433.62885pt.

Underfull \vbox (badness 10000) has occurred while \output is active []

[66 <./thesis_files/figure-latex/height-model-1.pdf>]
<thesis_files/figure-latex/preds-counts-1.pdf, id=1157, 469.755pt x 325.215pt>
File: thesis_files/figure-latex/preds-counts-1.pdf Graphic file (type pdf)
<use thesis_files/figure-latex/preds-counts-1.pdf>
Package pdftex.def Info: thesis_files/figure-latex/preds-counts-1.pdf  used on input line 2228.
(pdftex.def)             Requested size: 390.25534pt x 270.1765pt.

Underfull \vbox (badness 10000) has occurred while \output is active []

[67 <./figure/test.png>] [68 <./thesis_files/figure-latex/preds-counts-1.pdf>] [69]
Underfull \vbox (badness 10000) has occurred while \output is active []

[70]
Underfull \vbox (badness 7151) has occurred while \output is active []

[71] [72]
Appendix B.

Package xcolor Warning: Incompatible color definition on input line 2444.


Package xcolor Warning: Incompatible color definition on input line 2470.


Package xcolor Warning: Incompatible color definition on input line 2470.


Package xcolor Warning: Incompatible color definition on input line 2470.

[73

]

Package xcolor Warning: Incompatible color definition on input line 2470.


Package xcolor Warning: Incompatible color definition on input line 2470.


Package xcolor Warning: Incompatible color definition on input line 2476.

LaTeX Font Info:    Font shape `T1/lmtt/bx/n' in size <10> not available
(Font)              Font shape `T1/lmtt/b/n' tried instead on input line 2486.
LaTeX Font Info:    Trying to load font information for TS1+lmtt on input line 2512.
(/Users/zolli/Library/TinyTeX/texmf-dist/tex/latex/lm/ts1lmtt.fd
File: ts1lmtt.fd 2015/05/01 v1.6.1 Font defs for Latin Modern
)

Package xcolor Warning: Incompatible color definition on input line 2540.


Package xcolor Warning: Incompatible color definition on input line 2540.


Package xcolor Warning: Incompatible color definition on input line 2540.

[74]

Package xcolor Warning: Incompatible color definition on input line 2540.


Package xcolor Warning: Incompatible color definition on input line 2540.


Package xcolor Warning: Incompatible color definition on input line 2546.


LaTeX Font Warning: Font shape `T1/lmtt/bx/it' in size <10> not available
(Font)              Font shape `T1/lmtt/b/sl' tried instead on input line 2555.


Package xcolor Warning: Incompatible color definition on input line 2569.


Package xcolor Warning: Incompatible color definition on input line 2569.


Package xcolor Warning: Incompatible color definition on input line 2569.

[75]

Package xcolor Warning: Incompatible color definition on input line 2569.


Package xcolor Warning: Incompatible color definition on input line 2569.


Package xcolor Warning: Incompatible color definition on input line 2579.


Package xcolor Warning: Incompatible color definition on input line 2630.


Package xcolor Warning: Incompatible color definition on input line 2630.


Package xcolor Warning: Incompatible color definition on input line 2630.

[76]

Package xcolor Warning: Incompatible color definition on input line 2630.


Package xcolor Warning: Incompatible color definition on input line 2630.


Package xcolor Warning: Incompatible color definition on input line 2636.


Package xcolor Warning: Incompatible color definition on input line 2664.


Package xcolor Warning: Incompatible color definition on input line 2664.


Package xcolor Warning: Incompatible color definition on input line 2664.

[77]

Package xcolor Warning: Incompatible color definition on input line 2664.


Package xcolor Warning: Incompatible color definition on input line 2664.


Package xcolor Warning: Incompatible color definition on input line 2670.


Package xcolor Warning: Incompatible color definition on input line 2691.


Package xcolor Warning: Incompatible color definition on input line 2691.


Package xcolor Warning: Incompatible color definition on input line 2697.


Package xcolor Warning: Incompatible color definition on input line 2719.


Package xcolor Warning: Incompatible color definition on input line 2719.


Package xcolor Warning: Incompatible color definition on input line 2719.

[78]

Package xcolor Warning: Incompatible color definition on input line 2719.


Package xcolor Warning: Incompatible color definition on input line 2719.


Package xcolor Warning: Incompatible color definition on input line 2725.


Package xcolor Warning: Incompatible color definition on input line 2790.


Package xcolor Warning: Incompatible color definition on input line 2790.


Package xcolor Warning: Incompatible color definition on input line 2790.

[79]

Package xcolor Warning: Incompatible color definition on input line 2790.


Package xcolor Warning: Incompatible color definition on input line 2790.

[80]
LaTeX Font Info:    External font `lmex10' loaded for size
(Font)              <10> on input line 2806.
LaTeX Font Info:    External font `lmex10' loaded for size
(Font)              <7> on input line 2806.
LaTeX Font Info:    External font `lmex10' loaded for size
(Font)              <5> on input line 2806.

Overfull \hbox (99.43893pt too wide) in paragraph at lines 2820--2822
[]\T1/lmr/m/n/10 ``Canopy 2014.'' 2016. []$\T1/lmtt/m/n/10 https : / / www . arcgis . com / sharing / rest / content / items / 05cbf1630c2f4904a076298b888de9bc /
 []


Underfull \vbox (badness 10000) has occurred while \output is active []

[81


]
Underfull \vbox (badness 10000) has occurred while \output is active []

[82]
Underfull \hbox (badness 3364) in paragraph at lines 2922--2924
\T1/lmr/m/n/10 i-den-tial Streets in Ohio Towns.'' \T1/lmr/m/it/10 Un-de-fined\T1/lmr/m/n/10 . []$\T1/lmtt/m/n/10 https : / / www . semanticscholar . org /
 []


Underfull \hbox (badness 10000) in paragraph at lines 2922--2924
\T1/lmtt/m/n/10 paper / The -[] esthetic -[] contribution -[] of -[] trees -[] to -[] residential -[] Schroeder -[] Cannon /
 []


Underfull \vbox (badness 10000) has occurred while \output is active []

[83]
Underfull \hbox (badness 2150) in paragraph at lines 2937--2939
[]\T1/lmr/m/n/10 ``Smart Trees Col-lab-o-ra-tory.'' 2022. []$\T1/lmtt/m/n/10 https : / / www . pdx . edu / digital -[] city / smart -[] trees -[]
 []


Underfull \hbox (badness 1824) in paragraph at lines 2958--2960
[]\T1/lmr/m/n/10 United Na-tions, De-part-ment of Eco-nomics, and So-cial Af-fairs. 2018. ``68.'' []$\T1/lmtt/m/n/10 https :
 []


Underfull \hbox (badness 10000) in paragraph at lines 2958--2960
\T1/lmtt/m/n/10 / / www . un . org / development / desa / en / news / population / 2018 -[] revision -[] of -[] world -[]
 []


Overfull \hbox (33.5766pt too wide) in paragraph at lines 2961--2963
[]\T1/lmr/m/n/10 US EPA. 2020. ``Ur-ban-iza-tion and Storm Wa-ter Runoff.'' []$\T1/lmtt/m/n/10 https : / / www . epa . gov / sourcewaterprotection /
 []

[84] (./thesis.aux)
Package rerunfilecheck Info: File `thesis.out' has not changed.
(rerunfilecheck)             Checksum: 73126EABA03E3040D7D885C4B354782A;13687.
 ) 
Here is how much of TeX's memory you used:
 15267 strings out of 480193
 256669 string characters out of 5892381
 537483 words of memory out of 5000000
 32539 multiletter control sequences out of 15000+600000
 541999 words of font info for 88 fonts, out of 8000000 for 9000
 14 hyphenation exceptions out of 8191
 60i,12n,69p,1722b,448s stack positions out of 10000i,1000n,20000p,200000b,200000s
{/Users/zolli/Library/TinyTeX/texmf-dist/fonts/enc/dvips/lm/lm-ec.enc}{/Users/zolli/Library/TinyTeX/texmf-dist/fonts/enc/dvips/lm/lm-ts1.enc}{/Users/zolli/Library/TinyTeX/texmf-dist/fonts/enc/dvips/lm/lm-rm.enc}{/Users/zolli/Library/TinyTeX/texmf-dist/fonts/enc/dvips/lm/lm-mathit.enc}{/Users/zolli/Library/TinyTeX/texmf-dist/fonts/enc/dvips/lm/lm-mathex.enc}{/Users/zolli/Library/TinyTeX/texmf-dist/fonts/enc/dvips/lm/lm-mathsy.enc}</Users/zolli/Library/TinyTeX/texmf-dist/fonts/type1/public/lm/lmbx12.pfb></Users/zolli/Library/TinyTeX/texmf-dist/fonts/type1/public/lm/lmex10.pfb></Users/zolli/Library/TinyTeX/texmf-dist/fonts/type1/public/lm/lmmi12.pfb></Users/zolli/Library/TinyTeX/texmf-dist/fonts/type1/public/lm/lmmi6.pfb></Users/zolli/Library/TinyTeX/texmf-dist/fonts/type1/public/lm/lmmi8.pfb></Users/zolli/Library/TinyTeX/texmf-dist/fonts/type1/public/lm/lmr10.pfb></Users/zolli/Library/TinyTeX/texmf-dist/fonts/type1/public/lm/lmr12.pfb></Users/zolli/Library/TinyTeX/texmf-dist/fonts/type1/public/lm/lmr6.pfb></Users/zolli/Library/TinyTeX/texmf-dist/fonts/type1/public/lm/lmr8.pfb></Users/zolli/Library/TinyTeX/texmf-dist/fonts/type1/public/lm/lmri10.pfb></Users/zolli/Library/TinyTeX/texmf-dist/fonts/type1/public/lm/lmri12.pfb></Users/zolli/Library/TinyTeX/texmf-dist/fonts/type1/public/lm/lmro12.pfb></Users/zolli/Library/TinyTeX/texmf-dist/fonts/type1/public/lm/lmsy10.pfb></Users/zolli/Library/TinyTeX/texmf-dist/fonts/type1/public/lm/lmtk10.pfb></Users/zolli/Library/TinyTeX/texmf-dist/fonts/type1/public/lm/lmtko10.pfb></Users/zolli/Library/TinyTeX/texmf-dist/fonts/type1/public/lm/lmtt10.pfb></Users/zolli/Library/TinyTeX/texmf-dist/fonts/type1/public/lm/lmtt12.pfb></Users/zolli/Library/TinyTeX/texmf-dist/fonts/type1/public/lm/lmtti10.pfb>
Output written on thesis.pdf (104 pages, 39640746 bytes).
PDF statistics:
 1584 PDF objects out of 1728 (max. 8388607)
 1347 compressed objects within 14 object streams
 367 named destinations out of 1000 (max. 500000)
 721 words of extra memory for PDF output out of 10000 (max. 10000000)

